<?xml version="1.0" encoding="UTF-8"?>
<!-- Generated by org.testng.reporters.JUnitReportReporter -->
<testsuite skipped="0" hostname="DESKTOP-OSQ54A4" name="com.testleaf.automation.ProjectSpecificMethods.ProjectSpecificMethods" tests="2" failures="0" timestamp="21 Mar 2020 20:34:21 GMT" time="86.066" errors="0">
  <testcase name="runScenario" time="57.367" classname="com.testleaf.automation.ProjectSpecificMethods.ProjectSpecificMethods"/>
  <testcase name="runScenario" time="28.699" classname="com.testleaf.automation.ProjectSpecificMethods.ProjectSpecificMethods"/>
</testsuite> <!-- com.testleaf.automation.ProjectSpecificMethods.ProjectSpecificMethods -->
